Using pre-set license
Built from '2021.1/staging' branch; Version is '2021.1.9f1 (7a790e367ab3) revision 8026382'; Using compiler version '192528614'; Build Type 'Release'
OS: 'Windows 10 Enterprise; OS build 19042.867; Version 2009; 64bit' Language: 'en' Physical Memory: 32603 MB
BatchMode: 1, IsHumanControllingUs: 0, StartBugReporterOnCrash: 0, Is64bit: 1, IsPro: 0

 COMMAND LINE ARGUMENTS:
C:\Program Files\Unity\Editor\Unity.exe
-adb2
-batchMode
-noUpm
-name
AssetImportWorker0
-projectPath
C:/Users/270030111/Lab2 - Lighting
-logFile
Logs/AssetImportWorker0.log
-srvPort
64735
Successfully changed project path to: C:/Users/270030111/Lab2 - Lighting
C:/Users/270030111/Lab2 - Lighting
Using Asset Import Pipeline V2.
Refreshing native plugins compatible for Editor in 44.64 ms, found 2 plugins.
Preloading 0 native plugins for Editor in 0.00 ms.
Initialize engine version: 2021.1.9f1 (7a790e367ab3)
[Subsystems] Discovering subsystems at path C:/Program Files/Unity/Editor/Data/Resources/UnitySubsystems
[Subsystems] Discovering subsystems at path C:/Users/270030111/Lab2 - Lighting/Assets
GfxDevice: creating device client; threaded=0; jobified=0
Direct3D:
    Version:  Direct3D 11.0 [level 11.1]
    Renderer: NVIDIA GeForce GTX 1080 (ID=0x1b80)
    Vendor:   NVIDIA
    VRAM:     8079 MB
    Driver:   27.21.14.6089
Shader 'Universal Render Pipeline/Particles/Lit': fallback shader 'Universal Render Pipeline/Particles/SimpleLit' not found
Initialize mono
Mono path[0] = 'C:/Program Files/Unity/Editor/Data/Managed'
Mono path[1] = 'C:/Program Files/Unity/Editor/Data/MonoBleedingEdge/lib/mono/unityjit'
Mono config path = 'C:/Program Files/Unity/Editor/Data/MonoBleedingEdge/etc'
Using monoOptions --debugger-agent=transport=dt_socket,embedding=1,server=y,suspend=n,address=127.0.0.1:56320
Begin MonoManager ReloadAssembly
Registering precompiled unity dll's ...
Register platform support module: C:/Program Files/Unity/Editor/Data/PlaybackEngines/WebGLSupport/UnityEditor.WebGL.Extensions.dll
Register platform support module: C:/Program Files/Unity/Editor/Data/PlaybackEngines/MacStandaloneSupport/UnityEditor.OSXStandalone.Extensions.dll
Register platform support module: C:/Program Files/Unity/Editor/Data/PlaybackEngines/WindowsStandaloneSupport/UnityEditor.WindowsStandalone.Extensions.dll
Register platform support module: C:/Program Files/Unity/Editor/Data/PlaybackEngines/LinuxStandaloneSupport/UnityEditor.LinuxStandalone.Extensions.dll
Registered in 0.002234 seconds.
Native extension for LinuxStandalone target not found
Native extension for WindowsStandalone target not found
Native extension for OSXStandalone target not found
Native extension for WebGL target not found
Refreshing native plugins compatible for Editor in 45.47 ms, found 2 plugins.
Preloading 0 native plugins for Editor in 0.00 ms.
Mono: successfully reloaded assembly
- Completed reload, in  1.167 seconds
Domain Reload Profiling:
	ReloadAssembly (1167ms)
		BeginReloadAssembly (49ms)
			ExecutionOrderSort (0ms)
			DisableScriptedObjects (0ms)
			BackupInstance (0ms)
			ReleaseScriptingObjects (0ms)
			CreateAndSetChildDomain (1ms)
		EndReloadAssembly (392ms)
			LoadAssemblies (48ms)
			RebuildTransferFunctionScriptingTraits (0ms)
			SetupTypeCache (165ms)
			ReleaseScriptCaches (0ms)
			RebuildScriptCaches (26ms)
			SetupLoadedEditorAssemblies (163ms)
				LogAssemblyErrors (0ms)
				InitializePlatformSupportModulesInManaged (8ms)
				SetLoadedEditorAssemblies (0ms)
				RefreshPlugins (46ms)
				BeforeProcessingInitializeOnLoad (1ms)
				ProcessInitializeOnLoadAttributes (84ms)
				ProcessInitializeOnLoadMethodAttributes (24ms)
				AfterProcessingInitializeOnLoad (0ms)
				EditorAssembliesLoaded (0ms)
			ExecutionOrderSort2 (0ms)
			AwakeInstancesAfterBackupRestoration (0ms)
Platform modules already initialized, skipping
Registering precompiled user dll's ...
Registered in 0.003318 seconds.
Begin MonoManager ReloadAssembly
Native extension for LinuxStandalone target not found
Native extension for WindowsStandalone target not found
Native extension for OSXStandalone target not found
Native extension for WebGL target not found
Refreshing native plugins compatible for Editor in 44.55 ms, found 2 plugins.
Preloading 0 native plugins for Editor in 0.00 ms.
Mono: successfully reloaded assembly
- Completed reload, in  1.020 seconds
Domain Reload Profiling:
	ReloadAssembly (1020ms)
		BeginReloadAssembly (154ms)
			ExecutionOrderSort (0ms)
			DisableScriptedObjects (4ms)
			BackupInstance (0ms)
			ReleaseScriptingObjects (0ms)
			CreateAndSetChildDomain (19ms)
		EndReloadAssembly (812ms)
			LoadAssemblies (79ms)
			RebuildTransferFunctionScriptingTraits (0ms)
			SetupTypeCache (294ms)
			ReleaseScriptCaches (0ms)
			RebuildScriptCaches (43ms)
			SetupLoadedEditorAssemblies (313ms)
				LogAssemblyErrors (0ms)
				InitializePlatformSupportModulesInManaged (6ms)
				SetLoadedEditorAssemblies (0ms)
				RefreshPlugins (45ms)
				BeforeProcessingInitializeOnLoad (58ms)
				ProcessInitializeOnLoadAttributes (196ms)
				ProcessInitializeOnLoadMethodAttributes (4ms)
				AfterProcessingInitializeOnLoad (4ms)
				EditorAssembliesLoaded (0ms)
			ExecutionOrderSort2 (0ms)
			AwakeInstancesAfterBackupRestoration (6ms)
Platform modules already initialized, skipping
========================================================================
Worker process is ready to serve import requests
Shader 'Universal Render Pipeline/Particles/Lit': fallback shader 'Universal Render Pipeline/Particles/SimpleLit' not found
Launched and connected shader compiler UnityShaderCompiler.exe after 0.03 seconds
Refreshing native plugins compatible for Editor in 0.44 ms, found 2 plugins.
Preloading 0 native plugins for Editor in 0.00 ms.
Unloading 2836 Unused Serialized files (Serialized files now loaded: 0)
System memory in use before: 136.2 MB.
System memory in use after: 136.4 MB.

Unloading 18 unused Assets to reduce memory usage. Loaded Objects now: 3292.
Total: 2.247300 ms (FindLiveObjects: 0.183100 ms CreateObjectMapping: 0.099300 ms MarkObjects: 1.912400 ms  DeleteObjects: 0.052000 ms)

AssetImportParameters requested are different than current active one (requested -> active):
  custom:framework-win-MediaFoundation: 216162199b28c13a410421893ffa2e32 -> 
  custom:video-decoder-ogg-theora: a1e56fd34408186e4bbccfd4996cb3dc -> 
  custom:container-muxer-webm: aa71ff27fc2769a1b78a27578f13a17b -> 
  custom:container-demuxer-webm: 4f35f7cbe854078d1ac9338744f61a02 -> 
  custom:container-demuxer-ogg: 62fdf1f143b41e24485cea50d1cbac27 -> 
  custom:video-encoder-webm-vp8: eb34c28f22e8b96e1ab97ce403110664 -> 
  custom:video-decoder-webm-vp8: 9c59270c3fd7afecdb556c50c9e8de78 -> 
  custom:audio-decoder-ogg-vorbis: bf7c407c2cedff20999df2af8eb42d56 -> 
  custom:audio-encoder-webm-vorbis: bf7c407c2cedff20999df2af8eb42d56 -> 
========================================================================
Received Import Request.
  path: Assets/Scenes/Attic/Lightmap-0_comp_dir.png
  artifactKey: Guid(25f8e14508c559d44b0212d5145f2508) Importer(815301076,1909f56bfc062723c751e8b465ee728b)
Start importing Assets/Scenes/Attic/Lightmap-0_comp_dir.png using Guid(25f8e14508c559d44b0212d5145f2508) Importer(815301076,1909f56bfc062723c751e8b465ee728b)  -> (artifact id: '756d39633489a6df6d9230ce5268b805') in 0.061156 seconds 
========================================================================
Received Import Request.
  Time since last request: 0.000215 seconds.
  path: Assets/Scenes/Attic/Global Volume Profile 2.asset
  artifactKey: Guid(3aebefafc475344419511e6f79eb55f6) Importer(815301076,1909f56bfc062723c751e8b465ee728b)
Start importing Assets/Scenes/Attic/Global Volume Profile 2.asset using Guid(3aebefafc475344419511e6f79eb55f6) Importer(815301076,1909f56bfc062723c751e8b465ee728b)  -> (artifact id: '8e9a1ce8a473efd405d6152646610c54') in 0.015661 seconds 
========================================================================
Received Import Request.
  Time since last request: 0.000254 seconds.
  path: Assets/Scenes/Attic/ReflectionProbe-3.exr
  artifactKey: Guid(fe5fbc0754ae0934ca8918a89d59fc55) Importer(815301076,1909f56bfc062723c751e8b465ee728b)
Start importing Assets/Scenes/Attic/ReflectionProbe-3.exr using Guid(fe5fbc0754ae0934ca8918a89d59fc55) Importer(815301076,1909f56bfc062723c751e8b465ee728b)  -> (artifact id: '1bdecf508e9f8fc412c2f4cef58ba288') in 0.045099 seconds 
========================================================================
Received Import Request.
  Time since last request: 0.000278 seconds.
  path: Assets/Scenes/Attic/LightingData.asset
  artifactKey: Guid(59059a6f050c65448b9e9630ee5e4068) Importer(815301076,1909f56bfc062723c751e8b465ee728b)
Start importing Assets/Scenes/Attic/LightingData.asset using Guid(59059a6f050c65448b9e9630ee5e4068) Importer(815301076,1909f56bfc062723c751e8b465ee728b)  -> (artifact id: 'b74dffad44db8ba9869ae3175ff496db') in 0.001953 seconds 
========================================================================
Received Import Request.
  Time since last request: 0.000316 seconds.
  path: Assets/Scenes/Attic/Global Volume Profile 1.asset
  artifactKey: Guid(230b7d5b02456ca4d99b994824b31cc6) Importer(815301076,1909f56bfc062723c751e8b465ee728b)
Start importing Assets/Scenes/Attic/Global Volume Profile 1.asset using Guid(230b7d5b02456ca4d99b994824b31cc6) Importer(815301076,1909f56bfc062723c751e8b465ee728b)  -> (artifact id: '2031e524d37c6acade09682beb27fe5a') in 0.006823 seconds 
========================================================================
Received Import Request.
  Time since last request: 0.000256 seconds.
  path: Assets/Scenes/Attic/Lightmap-1_comp_light.exr
  artifactKey: Guid(5c98ea19d9a541241884f428ae792d1c) Importer(815301076,1909f56bfc062723c751e8b465ee728b)
Start importing Assets/Scenes/Attic/Lightmap-1_comp_light.exr using Guid(5c98ea19d9a541241884f428ae792d1c) Importer(815301076,1909f56bfc062723c751e8b465ee728b)  -> (artifact id: 'daa8254435ec717e5afdde91dc6bf877') in 0.006960 seconds 
========================================================================
Received Import Request.
  Time since last request: 0.000197 seconds.
  path: Assets/Scenes/Attic/Global Volume Profile.asset
  artifactKey: Guid(74a538e07208a474eaab40cae15a54ea) Importer(815301076,1909f56bfc062723c751e8b465ee728b)
Start importing Assets/Scenes/Attic/Global Volume Profile.asset using Guid(74a538e07208a474eaab40cae15a54ea) Importer(815301076,1909f56bfc062723c751e8b465ee728b)  -> (artifact id: '69ea3326d81ad09af8d663d107c44cb8') in 0.001991 seconds 
========================================================================
Received Import Request.
  Time since last request: 0.000251 seconds.
  path: Assets/Scenes/Attic/ReflectionProbe-0.exr
  artifactKey: Guid(551288a3105acf0449fb0def38891fb5) Importer(815301076,1909f56bfc062723c751e8b465ee728b)
Start importing Assets/Scenes/Attic/ReflectionProbe-0.exr using Guid(551288a3105acf0449fb0def38891fb5) Importer(815301076,1909f56bfc062723c751e8b465ee728b)  -> (artifact id: '17b53bb8276e0ab736fb81d1e57d96e6') in 0.008493 seconds 
========================================================================
Received Import Request.
  Time since last request: 0.000247 seconds.
  path: Assets/Scenes/Attic/ReflectionProbe-5.exr
  artifactKey: Guid(8301e4dbe648684449766c21b462a962) Importer(815301076,1909f56bfc062723c751e8b465ee728b)
Start importing Assets/Scenes/Attic/ReflectionProbe-5.exr using Guid(8301e4dbe648684449766c21b462a962) Importer(815301076,1909f56bfc062723c751e8b465ee728b)  -> (artifact id: 'cc03aa7640a9ec7bcd4532d584a029ab') in 0.012653 seconds 
========================================================================
Received Import Request.
  Time since last request: 0.000204 seconds.
  path: Assets/Scenes/Attic/Lightmap-1_comp_dir.png
  artifactKey: Guid(5a3b438688c444d4aae5450cae83ccea) Importer(815301076,1909f56bfc062723c751e8b465ee728b)
Start importing Assets/Scenes/Attic/Lightmap-1_comp_dir.png using Guid(5a3b438688c444d4aae5450cae83ccea) Importer(815301076,1909f56bfc062723c751e8b465ee728b)  -> (artifact id: '175e7d4cf8cafac883cc464f7b0cd767') in 0.008370 seconds 
========================================================================
Received Import Request.
  Time since last request: 0.000263 seconds.
  path: Assets/Scenes/Attic/ReflectionProbe-1.exr
  artifactKey: Guid(1069476bd3d981b4f952c16738b80766) Importer(815301076,1909f56bfc062723c751e8b465ee728b)
Start importing Assets/Scenes/Attic/ReflectionProbe-1.exr using Guid(1069476bd3d981b4f952c16738b80766) Importer(815301076,1909f56bfc062723c751e8b465ee728b)  -> (artifact id: '6bea22183ff2891b645d5768a0b86d33') in 0.008145 seconds 
========================================================================
Received Import Request.
  Time since last request: 0.000318 seconds.
  path: Assets/Scenes/Attic/ReflectionProbe-6.exr
  artifactKey: Guid(a20f78ae2e3dc2d4182f6cb7f6c2abd9) Importer(815301076,1909f56bfc062723c751e8b465ee728b)
Start importing Assets/Scenes/Attic/ReflectionProbe-6.exr using Guid(a20f78ae2e3dc2d4182f6cb7f6c2abd9) Importer(815301076,1909f56bfc062723c751e8b465ee728b)  -> (artifact id: 'b43db871e1990420e61784c2fe1a4eb0') in 0.010964 seconds 
========================================================================
Received Import Request.
  Time since last request: 0.000257 seconds.
  path: Assets/Scenes/Attic/Lightmap-0_comp_light.exr
  artifactKey: Guid(0a5b0059b0fabc44f9af6e6816188a42) Importer(815301076,1909f56bfc062723c751e8b465ee728b)
Start importing Assets/Scenes/Attic/Lightmap-0_comp_light.exr using Guid(0a5b0059b0fabc44f9af6e6816188a42) Importer(815301076,1909f56bfc062723c751e8b465ee728b)  -> (artifact id: '2db68bd1762e57d532821ff0ae00f1f4') in 0.006174 seconds 
========================================================================
Received Import Request.
  Time since last request: 0.000175 seconds.
  path: Assets/Scenes/Attic/ReflectionProbe-2.exr
  artifactKey: Guid(0097998586a023447900314758c99a62) Importer(815301076,1909f56bfc062723c751e8b465ee728b)
Start importing Assets/Scenes/Attic/ReflectionProbe-2.exr using Guid(0097998586a023447900314758c99a62) Importer(815301076,1909f56bfc062723c751e8b465ee728b)  -> (artifact id: '4e39fc717e0b81c8cb3d9592cfccb585') in 0.007839 seconds 
========================================================================
Received Import Request.
  Time since last request: 0.000192 seconds.
  path: Assets/Scenes/Attic/ReflectionProbe-4.exr
  artifactKey: Guid(94cb0cd27476b244680607041901257e) Importer(815301076,1909f56bfc062723c751e8b465ee728b)
Start importing Assets/Scenes/Attic/ReflectionProbe-4.exr using Guid(94cb0cd27476b244680607041901257e) Importer(815301076,1909f56bfc062723c751e8b465ee728b)  -> (artifact id: '880f1769c8e3fa5672a733f43928c523') in 0.007895 seconds 
========================================================================
Received Import Request.
  Time since last request: 0.000200 seconds.
  path: Assets/Scenes/Attic/ReflectionProbe-7.exr
  artifactKey: Guid(bd374861b62ad35489cac9e1fc15c890) Importer(815301076,1909f56bfc062723c751e8b465ee728b)
Start importing Assets/Scenes/Attic/ReflectionProbe-7.exr using Guid(bd374861b62ad35489cac9e1fc15c890) Importer(815301076,1909f56bfc062723c751e8b465ee728b)  -> (artifact id: 'b3eb71b68489eab38ec5553a9433f8c9') in 0.007553 seconds 
AssetImportWorkerClient::OnTransportError - code=2 error=End of file
