Using pre-set license
Built from '2021.1/staging' branch; Version is '2021.1.9f1 (7a790e367ab3) revision 8026382'; Using compiler version '192528614'; Build Type 'Release'
OS: 'Windows 10 Enterprise; OS build 19042.867; Version 2009; 64bit' Language: 'en' Physical Memory: 32603 MB
BatchMode: 1, IsHumanControllingUs: 0, StartBugReporterOnCrash: 0, Is64bit: 1, IsPro: 0

 COMMAND LINE ARGUMENTS:
C:\Program Files\Unity\Editor\Unity.exe
-adb2
-batchMode
-noUpm
-name
AssetImportWorker0
-projectPath
C:/Users/270030111/Lab2 - Lighting
-logFile
Logs/AssetImportWorker0.log
-srvPort
57173
Successfully changed project path to: C:/Users/270030111/Lab2 - Lighting
C:/Users/270030111/Lab2 - Lighting
Using Asset Import Pipeline V2.
Refreshing native plugins compatible for Editor in 43.15 ms, found 2 plugins.
Preloading 0 native plugins for Editor in 0.00 ms.
Initialize engine version: 2021.1.9f1 (7a790e367ab3)
[Subsystems] Discovering subsystems at path C:/Program Files/Unity/Editor/Data/Resources/UnitySubsystems
[Subsystems] Discovering subsystems at path C:/Users/270030111/Lab2 - Lighting/Assets
GfxDevice: creating device client; threaded=0; jobified=0
Direct3D:
    Version:  Direct3D 11.0 [level 11.1]
    Renderer: NVIDIA GeForce GTX 1080 (ID=0x1b80)
    Vendor:   NVIDIA
    VRAM:     8079 MB
    Driver:   27.21.14.6089
Shader 'Universal Render Pipeline/Particles/Lit': fallback shader 'Universal Render Pipeline/Particles/SimpleLit' not found
Initialize mono
Mono path[0] = 'C:/Program Files/Unity/Editor/Data/Managed'
Mono path[1] = 'C:/Program Files/Unity/Editor/Data/MonoBleedingEdge/lib/mono/unityjit'
Mono config path = 'C:/Program Files/Unity/Editor/Data/MonoBleedingEdge/etc'
Using monoOptions --debugger-agent=transport=dt_socket,embedding=1,server=y,suspend=n,address=127.0.0.1:56284
Begin MonoManager ReloadAssembly
Registering precompiled unity dll's ...
Register platform support module: C:/Program Files/Unity/Editor/Data/PlaybackEngines/WebGLSupport/UnityEditor.WebGL.Extensions.dll
Register platform support module: C:/Program Files/Unity/Editor/Data/PlaybackEngines/MacStandaloneSupport/UnityEditor.OSXStandalone.Extensions.dll
Register platform support module: C:/Program Files/Unity/Editor/Data/PlaybackEngines/WindowsStandaloneSupport/UnityEditor.WindowsStandalone.Extensions.dll
Register platform support module: C:/Program Files/Unity/Editor/Data/PlaybackEngines/LinuxStandaloneSupport/UnityEditor.LinuxStandalone.Extensions.dll
Registered in 0.002185 seconds.
Native extension for LinuxStandalone target not found
Native extension for WindowsStandalone target not found
Native extension for OSXStandalone target not found
Native extension for WebGL target not found
Refreshing native plugins compatible for Editor in 43.32 ms, found 2 plugins.
Preloading 0 native plugins for Editor in 0.00 ms.
Mono: successfully reloaded assembly
- Completed reload, in  1.182 seconds
Domain Reload Profiling:
	ReloadAssembly (1182ms)
		BeginReloadAssembly (49ms)
			ExecutionOrderSort (0ms)
			DisableScriptedObjects (0ms)
			BackupInstance (0ms)
			ReleaseScriptingObjects (0ms)
			CreateAndSetChildDomain (1ms)
		EndReloadAssembly (373ms)
			LoadAssemblies (49ms)
			RebuildTransferFunctionScriptingTraits (0ms)
			SetupTypeCache (151ms)
			ReleaseScriptCaches (0ms)
			RebuildScriptCaches (25ms)
			SetupLoadedEditorAssemblies (159ms)
				LogAssemblyErrors (0ms)
				InitializePlatformSupportModulesInManaged (8ms)
				SetLoadedEditorAssemblies (0ms)
				RefreshPlugins (43ms)
				BeforeProcessingInitializeOnLoad (1ms)
				ProcessInitializeOnLoadAttributes (83ms)
				ProcessInitializeOnLoadMethodAttributes (24ms)
				AfterProcessingInitializeOnLoad (0ms)
				EditorAssembliesLoaded (0ms)
			ExecutionOrderSort2 (0ms)
			AwakeInstancesAfterBackupRestoration (0ms)
Platform modules already initialized, skipping
Registering precompiled user dll's ...
Registered in 0.003448 seconds.
Begin MonoManager ReloadAssembly
Native extension for LinuxStandalone target not found
Native extension for WindowsStandalone target not found
Native extension for OSXStandalone target not found
Native extension for WebGL target not found
Refreshing native plugins compatible for Editor in 43.86 ms, found 2 plugins.
Preloading 0 native plugins for Editor in 0.00 ms.
Mono: successfully reloaded assembly
- Completed reload, in  0.996 seconds
Domain Reload Profiling:
	ReloadAssembly (996ms)
		BeginReloadAssembly (134ms)
			ExecutionOrderSort (0ms)
			DisableScriptedObjects (4ms)
			BackupInstance (0ms)
			ReleaseScriptingObjects (0ms)
			CreateAndSetChildDomain (18ms)
		EndReloadAssembly (810ms)
			LoadAssemblies (77ms)
			RebuildTransferFunctionScriptingTraits (0ms)
			SetupTypeCache (290ms)
			ReleaseScriptCaches (0ms)
			RebuildScriptCaches (42ms)
			SetupLoadedEditorAssemblies (315ms)
				LogAssemblyErrors (0ms)
				InitializePlatformSupportModulesInManaged (6ms)
				SetLoadedEditorAssemblies (0ms)
				RefreshPlugins (44ms)
				BeforeProcessingInitializeOnLoad (58ms)
				ProcessInitializeOnLoadAttributes (198ms)
				ProcessInitializeOnLoadMethodAttributes (4ms)
				AfterProcessingInitializeOnLoad (4ms)
				EditorAssembliesLoaded (0ms)
			ExecutionOrderSort2 (0ms)
			AwakeInstancesAfterBackupRestoration (6ms)
Platform modules already initialized, skipping
========================================================================
Worker process is ready to serve import requests
Shader 'Universal Render Pipeline/Particles/Lit': fallback shader 'Universal Render Pipeline/Particles/SimpleLit' not found
Launched and connected shader compiler UnityShaderCompiler.exe after 0.04 seconds
Refreshing native plugins compatible for Editor in 0.69 ms, found 2 plugins.
Preloading 0 native plugins for Editor in 0.00 ms.
Unloading 2836 Unused Serialized files (Serialized files now loaded: 0)
System memory in use before: 134.2 MB.
System memory in use after: 134.4 MB.

Unloading 18 unused Assets to reduce memory usage. Loaded Objects now: 3292.
Total: 2.232100 ms (FindLiveObjects: 0.214600 ms CreateObjectMapping: 0.101000 ms MarkObjects: 1.864500 ms  DeleteObjects: 0.051200 ms)

AssetImportParameters requested are different than current active one (requested -> active):
  custom:framework-win-MediaFoundation: 216162199b28c13a410421893ffa2e32 -> 
  custom:video-decoder-ogg-theora: a1e56fd34408186e4bbccfd4996cb3dc -> 
  custom:container-muxer-webm: aa71ff27fc2769a1b78a27578f13a17b -> 
  custom:container-demuxer-webm: 4f35f7cbe854078d1ac9338744f61a02 -> 
  custom:container-demuxer-ogg: 62fdf1f143b41e24485cea50d1cbac27 -> 
  custom:video-encoder-webm-vp8: eb34c28f22e8b96e1ab97ce403110664 -> 
  custom:video-decoder-webm-vp8: 9c59270c3fd7afecdb556c50c9e8de78 -> 
  custom:audio-decoder-ogg-vorbis: bf7c407c2cedff20999df2af8eb42d56 -> 
  custom:audio-encoder-webm-vorbis: bf7c407c2cedff20999df2af8eb42d56 -> 
========================================================================
Received Import Request.
  path: Assets/InteriorAttic/Textures/charmander.tga
  artifactKey: Guid(10b89435972e69a4c89db3d4bd90ecd8) Importer(815301076,1909f56bfc062723c751e8b465ee728b)
Start importing Assets/InteriorAttic/Textures/charmander.tga using Guid(10b89435972e69a4c89db3d4bd90ecd8) Importer(815301076,1909f56bfc062723c751e8b465ee728b)  -> (artifact id: 'a794ff04aa0fc824f02b73448a9a91ca') in 0.058298 seconds 
========================================================================
Received Import Request.
  Time since last request: 0.000255 seconds.
  path: Assets/InteriorAttic/Textures/carpet.tga
  artifactKey: Guid(49544fef90bd55f42bd00fbd80f76b4a) Importer(815301076,1909f56bfc062723c751e8b465ee728b)
Start importing Assets/InteriorAttic/Textures/carpet.tga using Guid(49544fef90bd55f42bd00fbd80f76b4a) Importer(815301076,1909f56bfc062723c751e8b465ee728b)  -> (artifact id: 'd8566f6b3f29c6818e2457841aed100f') in 0.006214 seconds 
========================================================================
Received Import Request.
  Time since last request: 0.000299 seconds.
  path: Assets/InteriorAttic/Textures/catcus.tga
  artifactKey: Guid(9f39deb2085aab6489db8fc64948de55) Importer(815301076,1909f56bfc062723c751e8b465ee728b)
Start importing Assets/InteriorAttic/Textures/catcus.tga using Guid(9f39deb2085aab6489db8fc64948de55) Importer(815301076,1909f56bfc062723c751e8b465ee728b)  -> (artifact id: 'eff1441dae0c2c4a6c759e526b6b5ed6') in 0.005587 seconds 
========================================================================
Received Import Request.
  Time since last request: 0.000262 seconds.
  path: Assets/InteriorAttic/Textures/cloth.tga
  artifactKey: Guid(a48390367beafda45aa3c624331fb08b) Importer(815301076,1909f56bfc062723c751e8b465ee728b)
Start importing Assets/InteriorAttic/Textures/cloth.tga using Guid(a48390367beafda45aa3c624331fb08b) Importer(815301076,1909f56bfc062723c751e8b465ee728b)  -> (artifact id: '65809d5f3b0130b01cff97523b584d6b') in 0.006425 seconds 
========================================================================
Received Import Request.
  Time since last request: 0.000232 seconds.
  path: Assets/InteriorAttic/Textures/chair.tga
  artifactKey: Guid(153d363812303e84fa7a74220e4bbaf4) Importer(815301076,1909f56bfc062723c751e8b465ee728b)
Start importing Assets/InteriorAttic/Textures/chair.tga using Guid(153d363812303e84fa7a74220e4bbaf4) Importer(815301076,1909f56bfc062723c751e8b465ee728b)  -> (artifact id: 'aafa41591fad431a3702d57cf1dedc34') in 0.008706 seconds 
========================================================================
Received Import Request.
  Time since last request: 0.000182 seconds.
  path: Assets/InteriorAttic/Textures/balbasaur.tga
  artifactKey: Guid(708f328e7adc47440818915185732239) Importer(815301076,1909f56bfc062723c751e8b465ee728b)
Start importing Assets/InteriorAttic/Textures/balbasaur.tga using Guid(708f328e7adc47440818915185732239) Importer(815301076,1909f56bfc062723c751e8b465ee728b)  -> (artifact id: '94fcc3246dd1dd2e85f48b5a9ffd20a8') in 0.006939 seconds 
========================================================================
Received Import Request.
  Time since last request: 0.000253 seconds.
  path: Assets/InteriorAttic/Textures/book.tga
  artifactKey: Guid(5cbd264bd932f824481890640561bd4e) Importer(815301076,1909f56bfc062723c751e8b465ee728b)
Start importing Assets/InteriorAttic/Textures/book.tga using Guid(5cbd264bd932f824481890640561bd4e) Importer(815301076,1909f56bfc062723c751e8b465ee728b)  -> (artifact id: '56fe8981555544cc1662b7915d6339c2') in 0.009231 seconds 
========================================================================
Received Import Request.
  Time since last request: 0.000228 seconds.
  path: Assets/InteriorAttic/Textures/desk.tga
  artifactKey: Guid(0ac2111911cc6a548a51cc72d12ed366) Importer(815301076,1909f56bfc062723c751e8b465ee728b)
Start importing Assets/InteriorAttic/Textures/desk.tga using Guid(0ac2111911cc6a548a51cc72d12ed366) Importer(815301076,1909f56bfc062723c751e8b465ee728b)  -> (artifact id: '950e5062dd320ff64d4c2fa515d963f0') in 0.009251 seconds 
========================================================================
Received Prepare
Registering precompiled user dll's ...
Registered in 0.003246 seconds.
Begin MonoManager ReloadAssembly
Native extension for LinuxStandalone target not found
Native extension for WindowsStandalone target not found
Native extension for OSXStandalone target not found
Native extension for WebGL target not found
Refreshing native plugins compatible for Editor in 0.44 ms, found 2 plugins.
Preloading 0 native plugins for Editor in 0.00 ms.
Mono: successfully reloaded assembly
- Completed reload, in  0.877 seconds
Domain Reload Profiling:
	ReloadAssembly (878ms)
		BeginReloadAssembly (101ms)
			ExecutionOrderSort (0ms)
			DisableScriptedObjects (4ms)
			BackupInstance (0ms)
			ReleaseScriptingObjects (0ms)
			CreateAndSetChildDomain (30ms)
		EndReloadAssembly (722ms)
			LoadAssemblies (75ms)
			RebuildTransferFunctionScriptingTraits (0ms)
			SetupTypeCache (272ms)
			ReleaseScriptCaches (1ms)
			RebuildScriptCaches (34ms)
			SetupLoadedEditorAssemblies (243ms)
				LogAssemblyErrors (0ms)
				InitializePlatformSupportModulesInManaged (6ms)
				SetLoadedEditorAssemblies (0ms)
				RefreshPlugins (0ms)
				BeforeProcessingInitializeOnLoad (45ms)
				ProcessInitializeOnLoadAttributes (183ms)
				ProcessInitializeOnLoadMethodAttributes (3ms)
				AfterProcessingInitializeOnLoad (4ms)
				EditorAssembliesLoaded (0ms)
			ExecutionOrderSort2 (0ms)
			AwakeInstancesAfterBackupRestoration (11ms)
Platform modules already initialized, skipping
Shader 'Universal Render Pipeline/Particles/Lit': fallback shader 'Universal Render Pipeline/Particles/SimpleLit' not found
Refreshing native plugins compatible for Editor in 0.44 ms, found 2 plugins.
Preloading 0 native plugins for Editor in 0.00 ms.
Unloading 2708 Unused Serialized files (Serialized files now loaded: 0)
System memory in use before: 129.0 MB.
System memory in use after: 129.2 MB.

Unloading 13 unused Assets to reduce memory usage. Loaded Objects now: 3417.
Total: 2.472400 ms (FindLiveObjects: 0.215000 ms CreateObjectMapping: 0.097300 ms MarkObjects: 2.142200 ms  DeleteObjects: 0.017300 ms)

AssetImportParameters requested are different than current active one (requested -> active):
  custom:framework-win-MediaFoundation: 216162199b28c13a410421893ffa2e32 -> 
  custom:video-decoder-ogg-theora: a1e56fd34408186e4bbccfd4996cb3dc -> 
  custom:container-muxer-webm: aa71ff27fc2769a1b78a27578f13a17b -> 
  custom:container-demuxer-webm: 4f35f7cbe854078d1ac9338744f61a02 -> 
  custom:container-demuxer-ogg: 62fdf1f143b41e24485cea50d1cbac27 -> 
  custom:video-encoder-webm-vp8: eb34c28f22e8b96e1ab97ce403110664 -> 
  custom:video-decoder-webm-vp8: 9c59270c3fd7afecdb556c50c9e8de78 -> 
  custom:audio-decoder-ogg-vorbis: bf7c407c2cedff20999df2af8eb42d56 -> 
  custom:audio-encoder-webm-vorbis: bf7c407c2cedff20999df2af8eb42d56 -> 
========================================================================
Received Import Request.
  Time since last request: 492.736407 seconds.
  path: Assets/CartoonLowPolyCityLite/Materials/CartoonLowPolyCityLite_01.mat
  artifactKey: Guid(c8e0240e9684da34f8e797593fcd659e) Importer(815301076,1909f56bfc062723c751e8b465ee728b)
Start importing Assets/CartoonLowPolyCityLite/Materials/CartoonLowPolyCityLite_01.mat using Guid(c8e0240e9684da34f8e797593fcd659e) Importer(815301076,1909f56bfc062723c751e8b465ee728b)  -> (artifact id: '1a065fb468c93ef5994a8eedf8b39bd3') in 0.494457 seconds 
========================================================================
Received Import Request.
  Time since last request: 1.900416 seconds.
  path: Assets/InteriorAttic/Materials/CharmanderTail.mat
  artifactKey: Guid(459874532cc9f804dbeb1d0f89d435e2) Importer(815301076,1909f56bfc062723c751e8b465ee728b)
Start importing Assets/InteriorAttic/Materials/CharmanderTail.mat using Guid(459874532cc9f804dbeb1d0f89d435e2) Importer(815301076,1909f56bfc062723c751e8b465ee728b)  -> (artifact id: '1641d36701b9b654ac4bb37d77b3366c') in 0.224028 seconds 
========================================================================
Received Import Request.
  Time since last request: 0.000243 seconds.
  path: Assets/InteriorAttic/Materials/matBulbasaurBulb.mat
  artifactKey: Guid(2ef0ff47cb692114683434ce233e75bc) Importer(815301076,1909f56bfc062723c751e8b465ee728b)
Start importing Assets/InteriorAttic/Materials/matBulbasaurBulb.mat using Guid(2ef0ff47cb692114683434ce233e75bc) Importer(815301076,1909f56bfc062723c751e8b465ee728b)  -> (artifact id: '773bc3270d42fe4540ccf17c3266f36c') in 0.221446 seconds 
========================================================================
Received Import Request.
  Time since last request: 0.000238 seconds.
  path: Assets/InteriorAttic/Materials/matPokeRed.mat
  artifactKey: Guid(fda487299dcb4e84e813d10fd25f1cdd) Importer(815301076,1909f56bfc062723c751e8b465ee728b)
Start importing Assets/InteriorAttic/Materials/matPokeRed.mat using Guid(fda487299dcb4e84e813d10fd25f1cdd) Importer(815301076,1909f56bfc062723c751e8b465ee728b)  -> (artifact id: 'e52c3c2bb6ca5dd339cc25a11e845724') in 0.006365 seconds 
========================================================================
Received Import Request.
  Time since last request: 0.000234 seconds.
  path: Assets/InteriorAttic/Materials/matDesk.mat
  artifactKey: Guid(e05b439d119941a43b6c0143d682e3e1) Importer(815301076,1909f56bfc062723c751e8b465ee728b)
Start importing Assets/InteriorAttic/Materials/matDesk.mat using Guid(e05b439d119941a43b6c0143d682e3e1) Importer(815301076,1909f56bfc062723c751e8b465ee728b)  -> (artifact id: '8c2cc3d40e7a4b488d221863baee7c9d') in 0.009764 seconds 
========================================================================
Received Import Request.
  Time since last request: 0.000163 seconds.
  path: Assets/InteriorAttic/Materials/matPokeWhite.mat
  artifactKey: Guid(27cde9d224a65144399866badb54b565) Importer(815301076,1909f56bfc062723c751e8b465ee728b)
Start importing Assets/InteriorAttic/Materials/matPokeWhite.mat using Guid(27cde9d224a65144399866badb54b565) Importer(815301076,1909f56bfc062723c751e8b465ee728b)  -> (artifact id: 'd4d6ca6d079c645c52d870369800c958') in 0.009359 seconds 
========================================================================
Received Import Request.
  Time since last request: 0.000227 seconds.
  path: Assets/InteriorAttic/Materials/matLightBulb.mat
  artifactKey: Guid(a029a5de22d3fb74dbffb4226200eed3) Importer(815301076,1909f56bfc062723c751e8b465ee728b)
Start importing Assets/InteriorAttic/Materials/matLightBulb.mat using Guid(a029a5de22d3fb74dbffb4226200eed3) Importer(815301076,1909f56bfc062723c751e8b465ee728b)  -> (artifact id: 'dcdd00ef48a2a4b1c68091dee08acdee') in 0.009034 seconds 
========================================================================
Received Import Request.
  Time since last request: 0.000221 seconds.
  path: Assets/InteriorAttic/Materials/matLampShadeGlow.mat
  artifactKey: Guid(165a16df27e359e43ba909bbad50752e) Importer(815301076,1909f56bfc062723c751e8b465ee728b)
Start importing Assets/InteriorAttic/Materials/matLampShadeGlow.mat using Guid(165a16df27e359e43ba909bbad50752e) Importer(815301076,1909f56bfc062723c751e8b465ee728b)  -> (artifact id: '851cf33486e70339a212e44cc76b642f') in 0.216781 seconds 
========================================================================
Received Import Request.
  Time since last request: 0.000189 seconds.
  path: Assets/InteriorAttic/Materials/matBulbasaurSkin.mat
  artifactKey: Guid(4d8ba23279f227b4394d4b2334824bf7) Importer(815301076,1909f56bfc062723c751e8b465ee728b)
Start importing Assets/InteriorAttic/Materials/matBulbasaurSkin.mat using Guid(4d8ba23279f227b4394d4b2334824bf7) Importer(815301076,1909f56bfc062723c751e8b465ee728b)  -> (artifact id: 'ab682f6cc44f6a9569419c168b6871d2') in 0.006222 seconds 
========================================================================
Received Import Request.
  Time since last request: 0.000262 seconds.
  path: Assets/InteriorAttic/Materials/Light.mat
  artifactKey: Guid(8e78eaa8ef575994db5db9ca61303ec4) Importer(815301076,1909f56bfc062723c751e8b465ee728b)
Start importing Assets/InteriorAttic/Materials/Light.mat using Guid(8e78eaa8ef575994db5db9ca61303ec4) Importer(815301076,1909f56bfc062723c751e8b465ee728b)  -> (artifact id: '2e4d7ecef2da189692f0756e5f4a8697') in 0.005926 seconds 
========================================================================
Received Import Request.
  Time since last request: 0.000191 seconds.
  path: Assets/InteriorAttic/Materials/matPlantPot.mat
  artifactKey: Guid(ea7e36c48223a4a4bb504a536efef94f) Importer(815301076,1909f56bfc062723c751e8b465ee728b)
Start importing Assets/InteriorAttic/Materials/matPlantPot.mat using Guid(ea7e36c48223a4a4bb504a536efef94f) Importer(815301076,1909f56bfc062723c751e8b465ee728b)  -> (artifact id: 'b119ceb54e7f47ae5f8ae8adfe980bf8') in 0.006000 seconds 
========================================================================
Received Import Request.
  Time since last request: 0.000153 seconds.
  path: Assets/InteriorAttic/Materials/matLamp.mat
  artifactKey: Guid(a5591ff7d0c072d41b934661522ebfbe) Importer(815301076,1909f56bfc062723c751e8b465ee728b)
Start importing Assets/InteriorAttic/Materials/matLamp.mat using Guid(a5591ff7d0c072d41b934661522ebfbe) Importer(815301076,1909f56bfc062723c751e8b465ee728b)  -> (artifact id: 'deb54aaffae0daf7e38252d306f0b306') in 0.005758 seconds 
========================================================================
Received Import Request.
  Time since last request: 0.000166 seconds.
  path: Assets/InteriorAttic/Materials/matChair.mat
  artifactKey: Guid(ec3f421b567b8114a946b8702c8b1c4f) Importer(815301076,1909f56bfc062723c751e8b465ee728b)
Start importing Assets/InteriorAttic/Materials/matChair.mat using Guid(ec3f421b567b8114a946b8702c8b1c4f) Importer(815301076,1909f56bfc062723c751e8b465ee728b)  -> (artifact id: '6b705028e677167f829e24e5fbbaa27b') in 0.006057 seconds 
========================================================================
Received Import Request.
  Time since last request: 0.000222 seconds.
  path: Assets/InteriorAttic/Materials/matPokeBlack.mat
  artifactKey: Guid(c9d44758bf6453543a0ade502d39190c) Importer(815301076,1909f56bfc062723c751e8b465ee728b)
Start importing Assets/InteriorAttic/Materials/matPokeBlack.mat using Guid(c9d44758bf6453543a0ade502d39190c) Importer(815301076,1909f56bfc062723c751e8b465ee728b)  -> (artifact id: 'c82a8dc4137aea9c324c079d83688759') in 0.005757 seconds 
========================================================================
Received Import Request.
  Time since last request: 0.000157 seconds.
  path: Assets/InteriorAttic/Materials/matLampShade.mat
  artifactKey: Guid(decb3cc26d714f445ab2d65d967b3a63) Importer(815301076,1909f56bfc062723c751e8b465ee728b)
Start importing Assets/InteriorAttic/Materials/matLampShade.mat using Guid(decb3cc26d714f445ab2d65d967b3a63) Importer(815301076,1909f56bfc062723c751e8b465ee728b)  -> (artifact id: '2613cd05033891860c341a8f7683b839') in 0.209030 seconds 
========================================================================
Received Import Request.
  Time since last request: 0.000196 seconds.
  path: Assets/InteriorAttic/Materials/matBlanket.mat
  artifactKey: Guid(c62261cf5a431a8499034f23c19b7c30) Importer(815301076,1909f56bfc062723c751e8b465ee728b)
Start importing Assets/InteriorAttic/Materials/matBlanket.mat using Guid(c62261cf5a431a8499034f23c19b7c30) Importer(815301076,1909f56bfc062723c751e8b465ee728b)  -> (artifact id: '45bc380fc51f28fa174af68319172582') in 0.005965 seconds 
========================================================================
Received Import Request.
  Time since last request: 0.000247 seconds.
  path: Assets/InteriorAttic/Materials/LightBulb.mat
  artifactKey: Guid(9be84e3d8616332419746e04e1384ef3) Importer(815301076,1909f56bfc062723c751e8b465ee728b)
Start importing Assets/InteriorAttic/Materials/LightBulb.mat using Guid(9be84e3d8616332419746e04e1384ef3) Importer(815301076,1909f56bfc062723c751e8b465ee728b)  -> (artifact id: 'cbb972d3e4a61e4239d3974fd87fa359') in 0.008208 seconds 
========================================================================
Received Import Request.
  Time since last request: 0.000218 seconds.
  path: Assets/InteriorAttic/Materials/matCharmander.mat
  artifactKey: Guid(14849efa68a99a3449779ad9cdc8e70e) Importer(815301076,1909f56bfc062723c751e8b465ee728b)
Start importing Assets/InteriorAttic/Materials/matCharmander.mat using Guid(14849efa68a99a3449779ad9cdc8e70e) Importer(815301076,1909f56bfc062723c751e8b465ee728b)  -> (artifact id: '69f68e9551eb9a61fd93fa0d9ad57716') in 0.006053 seconds 
========================================================================
Received Import Request.
  Time since last request: 0.000199 seconds.
  path: Assets/InteriorAttic/Materials/matCactus.mat
  artifactKey: Guid(f5468b9f4c593a44992e3e6e3c0fff80) Importer(815301076,1909f56bfc062723c751e8b465ee728b)
Start importing Assets/InteriorAttic/Materials/matCactus.mat using Guid(f5468b9f4c593a44992e3e6e3c0fff80) Importer(815301076,1909f56bfc062723c751e8b465ee728b)  -> (artifact id: '9aa6f19af697f9f1c688f653c1f1080a') in 0.006054 seconds 
========================================================================
Received Import Request.
  Time since last request: 0.000267 seconds.
  path: Assets/InteriorAttic/Materials/matBook.mat
  artifactKey: Guid(d29cc8bd3729a144e9228ff7257018eb) Importer(815301076,1909f56bfc062723c751e8b465ee728b)
Start importing Assets/InteriorAttic/Materials/matBook.mat using Guid(d29cc8bd3729a144e9228ff7257018eb) Importer(815301076,1909f56bfc062723c751e8b465ee728b)  -> (artifact id: '0fa677075f5e2cc143b0beff24df9135') in 0.006008 seconds 
========================================================================
Received Import Request.
  Time since last request: 0.000205 seconds.
  path: Assets/InteriorAttic/Materials/matFlame.mat
  artifactKey: Guid(6f4d010903d014b44bc06d540acc0ba0) Importer(815301076,1909f56bfc062723c751e8b465ee728b)
Start importing Assets/InteriorAttic/Materials/matFlame.mat using Guid(6f4d010903d014b44bc06d540acc0ba0) Importer(815301076,1909f56bfc062723c751e8b465ee728b)  -> (artifact id: '4dc7d62c043ab2a6a02dad51d2213964') in 0.006432 seconds 
========================================================================
Received Import Request.
  Time since last request: 0.000196 seconds.
  path: Assets/InteriorAttic/Materials/matDrawers.mat
  artifactKey: Guid(196da858a7c86814db0c080fd734aec4) Importer(815301076,1909f56bfc062723c751e8b465ee728b)
Start importing Assets/InteriorAttic/Materials/matDrawers.mat using Guid(196da858a7c86814db0c080fd734aec4) Importer(815301076,1909f56bfc062723c751e8b465ee728b)  -> (artifact id: 'e5513a63394aaa2b631f1b58760a4808') in 0.006880 seconds 
========================================================================
Received Import Request.
  Time since last request: 0.000244 seconds.
  path: Assets/InteriorAttic/Materials/matCarpet.mat
  artifactKey: Guid(cef429d068f7c144ab0ccd897bb3c07e) Importer(815301076,1909f56bfc062723c751e8b465ee728b)
Start importing Assets/InteriorAttic/Materials/matCarpet.mat using Guid(cef429d068f7c144ab0ccd897bb3c07e) Importer(815301076,1909f56bfc062723c751e8b465ee728b)  -> (artifact id: 'd3fd963ad807d562f799ee731a2dcf1e') in 0.006213 seconds 
========================================================================
Received Import Request.
  Time since last request: 0.000178 seconds.
  path: Assets/InteriorAttic/Materials/matLightBulbGlow.mat
  artifactKey: Guid(4ffb05e3791eaaa48863db3fdbf91113) Importer(815301076,1909f56bfc062723c751e8b465ee728b)
Start importing Assets/InteriorAttic/Materials/matLightBulbGlow.mat using Guid(4ffb05e3791eaaa48863db3fdbf91113) Importer(815301076,1909f56bfc062723c751e8b465ee728b)  -> (artifact id: 'c52ee41f653efdf52b46107b2c4a17ea') in 0.225384 seconds 
========================================================================
Received Import Request.
  Time since last request: 0.000238 seconds.
  path: Assets/InteriorAttic/Materials/matSquirtleHead.mat
  artifactKey: Guid(e3784d907dac8c2429ef6702cbd46e67) Importer(815301076,1909f56bfc062723c751e8b465ee728b)
Start importing Assets/InteriorAttic/Materials/matSquirtleHead.mat using Guid(e3784d907dac8c2429ef6702cbd46e67) Importer(815301076,1909f56bfc062723c751e8b465ee728b)  -> (artifact id: '6bae634fb704ba36cfabd0b2c917ce0f') in 0.007423 seconds 
========================================================================
Received Import Request.
  Time since last request: 0.000177 seconds.
  path: Assets/InteriorAttic/Materials/matRoof.mat
  artifactKey: Guid(22bd1a4776dc88a4e835338fa8bb880d) Importer(815301076,1909f56bfc062723c751e8b465ee728b)
Start importing Assets/InteriorAttic/Materials/matRoof.mat using Guid(22bd1a4776dc88a4e835338fa8bb880d) Importer(815301076,1909f56bfc062723c751e8b465ee728b)  -> (artifact id: '4aa69f79ccbf2538b814c69f74e0bae8') in 0.008291 seconds 
========================================================================
Received Import Request.
  Time since last request: 0.010642 seconds.
  path: Assets/InteriorAttic/Materials/matSquirtleShellBack.mat
  artifactKey: Guid(5899136ac017f9e42920a0865ed2945b) Importer(815301076,1909f56bfc062723c751e8b465ee728b)
Start importing Assets/InteriorAttic/Materials/matSquirtleShellBack.mat using Guid(5899136ac017f9e42920a0865ed2945b) Importer(815301076,1909f56bfc062723c751e8b465ee728b)  -> (artifact id: '546762f298ec9fa73c04ffc1f7dcc2d6') in 0.006779 seconds 
========================================================================
Received Import Request.
  Time since last request: 0.000253 seconds.
  path: Assets/InteriorAttic/Materials/matSquirtleShellFront.mat
  artifactKey: Guid(b4547d45bcc2d25449833573641a294f) Importer(815301076,1909f56bfc062723c751e8b465ee728b)
Start importing Assets/InteriorAttic/Materials/matSquirtleShellFront.mat using Guid(b4547d45bcc2d25449833573641a294f) Importer(815301076,1909f56bfc062723c751e8b465ee728b)  -> (artifact id: 'df1596604a23b8b36564807d058da26e') in 0.006774 seconds 
========================================================================
Received Import Request.
  Time since last request: 0.024077 seconds.
  path: Assets/InteriorAttic/Materials/matSquirtleShellRing.mat
  artifactKey: Guid(ad90343a129bb9443b3a0df4d2b4f40a) Importer(815301076,1909f56bfc062723c751e8b465ee728b)
Start importing Assets/InteriorAttic/Materials/matSquirtleShellRing.mat using Guid(ad90343a129bb9443b3a0df4d2b4f40a) Importer(815301076,1909f56bfc062723c751e8b465ee728b)  -> (artifact id: 'd6dabf91a4ac1cc2aca1242024969eb6') in 0.006285 seconds 
========================================================================
Received Import Request.
  Time since last request: 0.000149 seconds.
  path: Assets/InteriorAttic/Materials/matTv.mat
  artifactKey: Guid(020cad5e63472894abee45639b150231) Importer(815301076,1909f56bfc062723c751e8b465ee728b)
Start importing Assets/InteriorAttic/Materials/matTv.mat using Guid(020cad5e63472894abee45639b150231) Importer(815301076,1909f56bfc062723c751e8b465ee728b)  -> (artifact id: 'b3499ff916d884c4b3a7572c1d4a2c73') in 0.006128 seconds 
========================================================================
Received Import Request.
  Time since last request: 0.036964 seconds.
  path: Assets/InteriorAttic/Materials/matTvGlow.mat
  artifactKey: Guid(0460c3c719efe3c4d9a5fe494b0dd020) Importer(815301076,1909f56bfc062723c751e8b465ee728b)
Start importing Assets/InteriorAttic/Materials/matTvGlow.mat using Guid(0460c3c719efe3c4d9a5fe494b0dd020) Importer(815301076,1909f56bfc062723c751e8b465ee728b)  -> (artifact id: '1dd7957cf092a7a3083639395400704e') in 0.006382 seconds 
========================================================================
Received Import Request.
  Time since last request: 0.000225 seconds.
  path: Assets/InteriorAttic/Materials/matWalls.mat
  artifactKey: Guid(8e2c006d784db77479f049acde5d6711) Importer(815301076,1909f56bfc062723c751e8b465ee728b)
Start importing Assets/InteriorAttic/Materials/matWalls.mat using Guid(8e2c006d784db77479f049acde5d6711) Importer(815301076,1909f56bfc062723c751e8b465ee728b)  -> (artifact id: '547792f6f2378db922606f9122e03131') in 0.302308 seconds 
========================================================================
Received Import Request.
  Time since last request: 0.000239 seconds.
  path: Assets/InteriorAttic/Materials/matWoodRafters.mat
  artifactKey: Guid(8278537a3965f09479679c4030a76499) Importer(815301076,1909f56bfc062723c751e8b465ee728b)
Start importing Assets/InteriorAttic/Materials/matWoodRafters.mat using Guid(8278537a3965f09479679c4030a76499) Importer(815301076,1909f56bfc062723c751e8b465ee728b)  -> (artifact id: '08b094047c3bd6bafa6ad3bbf60bc00e') in 0.006377 seconds 
========================================================================
Received Import Request.
  Time since last request: 0.000171 seconds.
  path: Assets/InteriorAttic/Materials/Metal.mat
  artifactKey: Guid(6cb06e054a81f9c408508474e11a4f13) Importer(815301076,1909f56bfc062723c751e8b465ee728b)
Start importing Assets/InteriorAttic/Materials/Metal.mat using Guid(6cb06e054a81f9c408508474e11a4f13) Importer(815301076,1909f56bfc062723c751e8b465ee728b)  -> (artifact id: 'fdb5cfc0525c5533a524da417ac95523') in 0.005872 seconds 
========================================================================
Received Import Request.
  Time since last request: 0.168147 seconds.
  path: Assets/InteriorAttic/Materials/New Material.mat
  artifactKey: Guid(bef6d3f540d4aeb40b01ef6d91cfb7c7) Importer(815301076,1909f56bfc062723c751e8b465ee728b)
Start importing Assets/InteriorAttic/Materials/New Material.mat using Guid(bef6d3f540d4aeb40b01ef6d91cfb7c7) Importer(815301076,1909f56bfc062723c751e8b465ee728b)  -> (artifact id: '87651fba9dfbf31f7463a5f4c20831d5') in 0.006283 seconds 
========================================================================
Received Import Request.
  Time since last request: 35.518895 seconds.
  path: Assets/InteriorAttic/Materials/New Material.mat
  artifactKey: Guid(bef6d3f540d4aeb40b01ef6d91cfb7c7) Importer(815301076,1909f56bfc062723c751e8b465ee728b)
Start importing Assets/InteriorAttic/Materials/New Material.mat using Guid(bef6d3f540d4aeb40b01ef6d91cfb7c7) Importer(815301076,1909f56bfc062723c751e8b465ee728b)  -> (artifact id: 'f8b5b86e28b732311b6572e66174c45b') in 0.008554 seconds 
========================================================================
Received Prepare
Registering precompiled user dll's ...
Registered in 0.004231 seconds.
Begin MonoManager ReloadAssembly
Native extension for LinuxStandalone target not found
Native extension for WindowsStandalone target not found
Native extension for OSXStandalone target not found
Native extension for WebGL target not found
Refreshing native plugins compatible for Editor in 0.57 ms, found 2 plugins.
Preloading 0 native plugins for Editor in 0.00 ms.
Mono: successfully reloaded assembly
- Completed reload, in  1.053 seconds
Domain Reload Profiling:
	ReloadAssembly (1053ms)
		BeginReloadAssembly (125ms)
			ExecutionOrderSort (0ms)
			DisableScriptedObjects (6ms)
			BackupInstance (0ms)
			ReleaseScriptingObjects (0ms)
			CreateAndSetChildDomain (38ms)
		EndReloadAssembly (866ms)
			LoadAssemblies (86ms)
			RebuildTransferFunctionScriptingTraits (0ms)
			SetupTypeCache (320ms)
			ReleaseScriptCaches (1ms)
			RebuildScriptCaches (39ms)
			SetupLoadedEditorAssemblies (280ms)
				LogAssemblyErrors (0ms)
				InitializePlatformSupportModulesInManaged (8ms)
				SetLoadedEditorAssemblies (0ms)
				RefreshPlugins (1ms)
				BeforeProcessingInitializeOnLoad (52ms)
				ProcessInitializeOnLoadAttributes (210ms)
				ProcessInitializeOnLoadMethodAttributes (4ms)
				AfterProcessingInitializeOnLoad (5ms)
				EditorAssembliesLoaded (0ms)
			ExecutionOrderSort2 (0ms)
			AwakeInstancesAfterBackupRestoration (18ms)
Platform modules already initialized, skipping
Shader 'Universal Render Pipeline/Particles/Lit': fallback shader 'Universal Render Pipeline/Particles/SimpleLit' not found
Refreshing native plugins compatible for Editor in 0.94 ms, found 2 plugins.
Preloading 0 native plugins for Editor in 0.00 ms.
Unloading 2700 Unused Serialized files (Serialized files now loaded: 0)
System memory in use before: 135.1 MB.
System memory in use after: 135.3 MB.

Unloading 13 unused Assets to reduce memory usage. Loaded Objects now: 3498.
Total: 3.026100 ms (FindLiveObjects: 0.246300 ms CreateObjectMapping: 0.151400 ms MarkObjects: 2.592900 ms  DeleteObjects: 0.034200 ms)

AssetImportParameters requested are different than current active one (requested -> active):
  custom:framework-win-MediaFoundation: 216162199b28c13a410421893ffa2e32 -> 
  custom:video-decoder-ogg-theora: a1e56fd34408186e4bbccfd4996cb3dc -> 
  custom:container-muxer-webm: aa71ff27fc2769a1b78a27578f13a17b -> 
  custom:container-demuxer-webm: 4f35f7cbe854078d1ac9338744f61a02 -> 
  custom:container-demuxer-ogg: 62fdf1f143b41e24485cea50d1cbac27 -> 
  custom:video-encoder-webm-vp8: eb34c28f22e8b96e1ab97ce403110664 -> 
  custom:video-decoder-webm-vp8: 9c59270c3fd7afecdb556c50c9e8de78 -> 
  custom:audio-decoder-ogg-vorbis: bf7c407c2cedff20999df2af8eb42d56 -> 
  custom:audio-encoder-webm-vorbis: bf7c407c2cedff20999df2af8eb42d56 -> 
========================================================================
Received Prepare
Registering precompiled user dll's ...
Registered in 0.003255 seconds.
Begin MonoManager ReloadAssembly
Native extension for LinuxStandalone target not found
Native extension for WindowsStandalone target not found
Native extension for OSXStandalone target not found
Native extension for WebGL target not found
Refreshing native plugins compatible for Editor in 0.45 ms, found 2 plugins.
Preloading 0 native plugins for Editor in 0.00 ms.
Mono: successfully reloaded assembly
- Completed reload, in  0.921 seconds
Domain Reload Profiling:
	ReloadAssembly (921ms)
		BeginReloadAssembly (109ms)
			ExecutionOrderSort (0ms)
			DisableScriptedObjects (5ms)
			BackupInstance (0ms)
			ReleaseScriptingObjects (0ms)
			CreateAndSetChildDomain (31ms)
		EndReloadAssembly (761ms)
			LoadAssemblies (79ms)
			RebuildTransferFunctionScriptingTraits (0ms)
			SetupTypeCache (273ms)
			ReleaseScriptCaches (1ms)
			RebuildScriptCaches (36ms)
			SetupLoadedEditorAssemblies (254ms)
				LogAssemblyErrors (0ms)
				InitializePlatformSupportModulesInManaged (7ms)
				SetLoadedEditorAssemblies (0ms)
				RefreshPlugins (0ms)
				BeforeProcessingInitializeOnLoad (47ms)
				ProcessInitializeOnLoadAttributes (191ms)
				ProcessInitializeOnLoadMethodAttributes (3ms)
				AfterProcessingInitializeOnLoad (4ms)
				EditorAssembliesLoaded (0ms)
			ExecutionOrderSort2 (0ms)
			AwakeInstancesAfterBackupRestoration (16ms)
Platform modules already initialized, skipping
Shader 'Universal Render Pipeline/Particles/Lit': fallback shader 'Universal Render Pipeline/Particles/SimpleLit' not found
Refreshing native plugins compatible for Editor in 0.45 ms, found 2 plugins.
Preloading 0 native plugins for Editor in 0.00 ms.
Unloading 2700 Unused Serialized files (Serialized files now loaded: 0)
System memory in use before: 135.1 MB.
System memory in use after: 135.3 MB.

Unloading 13 unused Assets to reduce memory usage. Loaded Objects now: 3501.
Total: 2.837600 ms (FindLiveObjects: 0.246200 ms CreateObjectMapping: 0.107400 ms MarkObjects: 2.439400 ms  DeleteObjects: 0.043700 ms)

AssetImportParameters requested are different than current active one (requested -> active):
  custom:framework-win-MediaFoundation: 216162199b28c13a410421893ffa2e32 -> 
  custom:video-decoder-ogg-theora: a1e56fd34408186e4bbccfd4996cb3dc -> 
  custom:container-muxer-webm: aa71ff27fc2769a1b78a27578f13a17b -> 
  custom:container-demuxer-webm: 4f35f7cbe854078d1ac9338744f61a02 -> 
  custom:container-demuxer-ogg: 62fdf1f143b41e24485cea50d1cbac27 -> 
  custom:video-encoder-webm-vp8: eb34c28f22e8b96e1ab97ce403110664 -> 
  custom:video-decoder-webm-vp8: 9c59270c3fd7afecdb556c50c9e8de78 -> 
  custom:audio-decoder-ogg-vorbis: bf7c407c2cedff20999df2af8eb42d56 -> 
  custom:audio-encoder-webm-vorbis: bf7c407c2cedff20999df2af8eb42d56 -> 
========================================================================
Received Import Request.
  Time since last request: 242.535358 seconds.
  path: Assets/InteriorAttic/Materials/CharmanderTail.mat
  artifactKey: Guid(459874532cc9f804dbeb1d0f89d435e2) Importer(815301076,1909f56bfc062723c751e8b465ee728b)
Start importing Assets/InteriorAttic/Materials/CharmanderTail.mat using Guid(459874532cc9f804dbeb1d0f89d435e2) Importer(815301076,1909f56bfc062723c751e8b465ee728b)  -> (artifact id: '6ac0955fb994f939fb47de0bbf4c6e05') in 0.225206 seconds 
========================================================================
Received Import Request.
  Time since last request: 51.679843 seconds.
  path: Assets/InteriorAttic/Materials/CharmanderTail.mat
  artifactKey: Guid(459874532cc9f804dbeb1d0f89d435e2) Importer(815301076,1909f56bfc062723c751e8b465ee728b)
Start importing Assets/InteriorAttic/Materials/CharmanderTail.mat using Guid(459874532cc9f804dbeb1d0f89d435e2) Importer(815301076,1909f56bfc062723c751e8b465ee728b)  -> (artifact id: '97f658df2a81a4892286150385e31bf0') in 0.006753 seconds 
========================================================================
Received Prepare
Registering precompiled user dll's ...
Registered in 0.003539 seconds.
Begin MonoManager ReloadAssembly
Native extension for LinuxStandalone target not found
Native extension for WindowsStandalone target not found
Native extension for OSXStandalone target not found
Native extension for WebGL target not found
Refreshing native plugins compatible for Editor in 0.48 ms, found 2 plugins.
Preloading 0 native plugins for Editor in 0.00 ms.
Mono: successfully reloaded assembly
- Completed reload, in  1.041 seconds
Domain Reload Profiling:
	ReloadAssembly (1041ms)
		BeginReloadAssembly (123ms)
			ExecutionOrderSort (0ms)
			DisableScriptedObjects (6ms)
			BackupInstance (0ms)
			ReleaseScriptingObjects (0ms)
			CreateAndSetChildDomain (38ms)
		EndReloadAssembly (862ms)
			LoadAssemblies (87ms)
			RebuildTransferFunctionScriptingTraits (0ms)
			SetupTypeCache (317ms)
			ReleaseScriptCaches (1ms)
			RebuildScriptCaches (41ms)
			SetupLoadedEditorAssemblies (279ms)
				LogAssemblyErrors (0ms)
				InitializePlatformSupportModulesInManaged (7ms)
				SetLoadedEditorAssemblies (0ms)
				RefreshPlugins (1ms)
				BeforeProcessingInitializeOnLoad (52ms)
				ProcessInitializeOnLoadAttributes (209ms)
				ProcessInitializeOnLoadMethodAttributes (4ms)
				AfterProcessingInitializeOnLoad (5ms)
				EditorAssembliesLoaded (0ms)
			ExecutionOrderSort2 (0ms)
			AwakeInstancesAfterBackupRestoration (19ms)
Platform modules already initialized, skipping
Shader 'Universal Render Pipeline/Particles/Lit': fallback shader 'Universal Render Pipeline/Particles/SimpleLit' not found
Refreshing native plugins compatible for Editor in 0.69 ms, found 2 plugins.
Preloading 0 native plugins for Editor in 0.00 ms.
Unloading 2700 Unused Serialized files (Serialized files now loaded: 0)
System memory in use before: 135.2 MB.
System memory in use after: 135.5 MB.

Unloading 13 unused Assets to reduce memory usage. Loaded Objects now: 3540.
Total: 2.874000 ms (FindLiveObjects: 0.355300 ms CreateObjectMapping: 0.198900 ms MarkObjects: 2.289900 ms  DeleteObjects: 0.028400 ms)

AssetImportParameters requested are different than current active one (requested -> active):
  custom:framework-win-MediaFoundation: 216162199b28c13a410421893ffa2e32 -> 
  custom:video-decoder-ogg-theora: a1e56fd34408186e4bbccfd4996cb3dc -> 
  custom:container-muxer-webm: aa71ff27fc2769a1b78a27578f13a17b -> 
  custom:container-demuxer-webm: 4f35f7cbe854078d1ac9338744f61a02 -> 
  custom:container-demuxer-ogg: 62fdf1f143b41e24485cea50d1cbac27 -> 
  custom:video-encoder-webm-vp8: eb34c28f22e8b96e1ab97ce403110664 -> 
  custom:video-decoder-webm-vp8: 9c59270c3fd7afecdb556c50c9e8de78 -> 
  custom:audio-decoder-ogg-vorbis: bf7c407c2cedff20999df2af8eb42d56 -> 
  custom:audio-encoder-webm-vorbis: bf7c407c2cedff20999df2af8eb42d56 -> 
========================================================================
Received Prepare
Registering precompiled user dll's ...
Registered in 0.003519 seconds.
Begin MonoManager ReloadAssembly
Native extension for LinuxStandalone target not found
Native extension for WindowsStandalone target not found
Native extension for OSXStandalone target not found
Native extension for WebGL target not found
Refreshing native plugins compatible for Editor in 0.48 ms, found 2 plugins.
Preloading 0 native plugins for Editor in 0.00 ms.
Mono: successfully reloaded assembly
- Completed reload, in  1.017 seconds
Domain Reload Profiling:
	ReloadAssembly (1017ms)
		BeginReloadAssembly (116ms)
			ExecutionOrderSort (0ms)
			DisableScriptedObjects (6ms)
			BackupInstance (0ms)
			ReleaseScriptingObjects (0ms)
			CreateAndSetChildDomain (33ms)
		EndReloadAssembly (843ms)
			LoadAssemblies (85ms)
			RebuildTransferFunctionScriptingTraits (0ms)
			SetupTypeCache (313ms)
			ReleaseScriptCaches (1ms)
			RebuildScriptCaches (39ms)
			SetupLoadedEditorAssemblies (273ms)
				LogAssemblyErrors (0ms)
				InitializePlatformSupportModulesInManaged (8ms)
				SetLoadedEditorAssemblies (0ms)
				RefreshPlugins (1ms)
				BeforeProcessingInitializeOnLoad (52ms)
				ProcessInitializeOnLoadAttributes (204ms)
				ProcessInitializeOnLoadMethodAttributes (4ms)
				AfterProcessingInitializeOnLoad (5ms)
				EditorAssembliesLoaded (0ms)
			ExecutionOrderSort2 (0ms)
			AwakeInstancesAfterBackupRestoration (19ms)
Platform modules already initialized, skipping
Shader 'Universal Render Pipeline/Particles/Lit': fallback shader 'Universal Render Pipeline/Particles/SimpleLit' not found
Refreshing native plugins compatible for Editor in 0.50 ms, found 2 plugins.
Preloading 0 native plugins for Editor in 0.00 ms.
Unloading 2700 Unused Serialized files (Serialized files now loaded: 0)
System memory in use before: 135.3 MB.
System memory in use after: 135.5 MB.

Unloading 13 unused Assets to reduce memory usage. Loaded Objects now: 3543.
Total: 2.828400 ms (FindLiveObjects: 0.323700 ms CreateObjectMapping: 0.169100 ms MarkObjects: 2.313100 ms  DeleteObjects: 0.021700 ms)

AssetImportParameters requested are different than current active one (requested -> active):
  custom:framework-win-MediaFoundation: 216162199b28c13a410421893ffa2e32 -> 
  custom:video-decoder-ogg-theora: a1e56fd34408186e4bbccfd4996cb3dc -> 
  custom:container-muxer-webm: aa71ff27fc2769a1b78a27578f13a17b -> 
  custom:container-demuxer-webm: 4f35f7cbe854078d1ac9338744f61a02 -> 
  custom:container-demuxer-ogg: 62fdf1f143b41e24485cea50d1cbac27 -> 
  custom:video-encoder-webm-vp8: eb34c28f22e8b96e1ab97ce403110664 -> 
  custom:video-decoder-webm-vp8: 9c59270c3fd7afecdb556c50c9e8de78 -> 
  custom:audio-decoder-ogg-vorbis: bf7c407c2cedff20999df2af8eb42d56 -> 
  custom:audio-encoder-webm-vorbis: bf7c407c2cedff20999df2af8eb42d56 -> 
========================================================================
Received Import Request.
  Time since last request: 2222.692287 seconds.
  path: Assets/CartoonLowPolyCityLite/Scenes/CartoonLowPolyCityLite_01.unity
  artifactKey: Guid(1c9c83f564538dd49ac0614cb5d27d32) Importer(815301076,1909f56bfc062723c751e8b465ee728b)
Start importing Assets/CartoonLowPolyCityLite/Scenes/CartoonLowPolyCityLite_01.unity using Guid(1c9c83f564538dd49ac0614cb5d27d32) Importer(815301076,1909f56bfc062723c751e8b465ee728b)  -> (artifact id: '983326c374becffed7402fd4f03b9ca5') in 0.030360 seconds 
========================================================================
Received Import Request.
  Time since last request: 16.268798 seconds.
  path: Assets/Scenes/Attic/Global Volume Profile 1.asset
  artifactKey: Guid(230b7d5b02456ca4d99b994824b31cc6) Importer(815301076,1909f56bfc062723c751e8b465ee728b)
Start importing Assets/Scenes/Attic/Global Volume Profile 1.asset using Guid(230b7d5b02456ca4d99b994824b31cc6) Importer(815301076,1909f56bfc062723c751e8b465ee728b)  -> (artifact id: 'a4cad6d8b4b81e0f2c226a034e9df223') in 0.005103 seconds 
========================================================================
Received Import Request.
  Time since last request: 0.000226 seconds.
  path: Assets/Scenes/Attic/Lightmap-0_comp_dir.png
  artifactKey: Guid(25f8e14508c559d44b0212d5145f2508) Importer(815301076,1909f56bfc062723c751e8b465ee728b)
Start importing Assets/Scenes/Attic/Lightmap-0_comp_dir.png using Guid(25f8e14508c559d44b0212d5145f2508) Importer(815301076,1909f56bfc062723c751e8b465ee728b)  -> (artifact id: 'f5ff397edaefd0a7f4cc4a52c6b9f03b') in 0.047721 seconds 
========================================================================
Received Import Request.
  Time since last request: 0.000234 seconds.
  path: Assets/Scenes/Attic/Global Volume Profile 2.asset
  artifactKey: Guid(3aebefafc475344419511e6f79eb55f6) Importer(815301076,1909f56bfc062723c751e8b465ee728b)
Start importing Assets/Scenes/Attic/Global Volume Profile 2.asset using Guid(3aebefafc475344419511e6f79eb55f6) Importer(815301076,1909f56bfc062723c751e8b465ee728b)  -> (artifact id: '22ec616bcba3992c4f99470d70a7ab13') in 0.002435 seconds 
========================================================================
Received Import Request.
  Time since last request: 0.000201 seconds.
  path: Assets/Scenes/Attic/ReflectionProbe-3.exr
  artifactKey: Guid(fe5fbc0754ae0934ca8918a89d59fc55) Importer(815301076,1909f56bfc062723c751e8b465ee728b)
Start importing Assets/Scenes/Attic/ReflectionProbe-3.exr using Guid(fe5fbc0754ae0934ca8918a89d59fc55) Importer(815301076,1909f56bfc062723c751e8b465ee728b)  -> (artifact id: '78dbeb99fab2a2b7f75699cc00e16808') in 0.028315 seconds 
========================================================================
Received Import Request.
  Time since last request: 0.000206 seconds.
  path: Assets/Scenes/Attic/LightingData.asset
  artifactKey: Guid(59059a6f050c65448b9e9630ee5e4068) Importer(815301076,1909f56bfc062723c751e8b465ee728b)
Start importing Assets/Scenes/Attic/LightingData.asset using Guid(59059a6f050c65448b9e9630ee5e4068) Importer(815301076,1909f56bfc062723c751e8b465ee728b)  -> (artifact id: '63f54a5a76d02b5e0229b25a7d939d5b') in 0.001967 seconds 
========================================================================
Received Import Request.
  Time since last request: 0.000258 seconds.
  path: Assets/Scenes/Attic/Lightmap-1_comp_light.exr
  artifactKey: Guid(5c98ea19d9a541241884f428ae792d1c) Importer(815301076,1909f56bfc062723c751e8b465ee728b)
Start importing Assets/Scenes/Attic/Lightmap-1_comp_light.exr using Guid(5c98ea19d9a541241884f428ae792d1c) Importer(815301076,1909f56bfc062723c751e8b465ee728b)  -> (artifact id: 'f1138370d8f75eecdf37b568b3e9dfbe') in 0.007672 seconds 
========================================================================
Received Import Request.
  Time since last request: 0.000117 seconds.
  path: Assets/Scenes/Attic/Global Volume Profile.asset
  artifactKey: Guid(74a538e07208a474eaab40cae15a54ea) Importer(815301076,1909f56bfc062723c751e8b465ee728b)
Start importing Assets/Scenes/Attic/Global Volume Profile.asset using Guid(74a538e07208a474eaab40cae15a54ea) Importer(815301076,1909f56bfc062723c751e8b465ee728b)  -> (artifact id: '3ed9456e5f20add0b9647a74a3468156') in 0.002139 seconds 
========================================================================
Received Import Request.
  Time since last request: 0.000213 seconds.
  path: Assets/Scenes/Attic/ReflectionProbe-0.exr
  artifactKey: Guid(551288a3105acf0449fb0def38891fb5) Importer(815301076,1909f56bfc062723c751e8b465ee728b)
Start importing Assets/Scenes/Attic/ReflectionProbe-0.exr using Guid(551288a3105acf0449fb0def38891fb5) Importer(815301076,1909f56bfc062723c751e8b465ee728b)  -> (artifact id: 'eea4fa40ce6a0ecea4132a3889473065') in 0.008896 seconds 
========================================================================
Received Import Request.
  Time since last request: 0.000160 seconds.
  path: Assets/Scenes/Attic/ReflectionProbe-5.exr
  artifactKey: Guid(8301e4dbe648684449766c21b462a962) Importer(815301076,1909f56bfc062723c751e8b465ee728b)
Start importing Assets/Scenes/Attic/ReflectionProbe-5.exr using Guid(8301e4dbe648684449766c21b462a962) Importer(815301076,1909f56bfc062723c751e8b465ee728b)  -> (artifact id: '41f80ed096e197ce26ea867ac958d6d1') in 0.009528 seconds 
========================================================================
Received Import Request.
  Time since last request: 0.000198 seconds.
  path: Assets/Scenes/Attic/Lightmap-1_comp_dir.png
  artifactKey: Guid(5a3b438688c444d4aae5450cae83ccea) Importer(815301076,1909f56bfc062723c751e8b465ee728b)
Start importing Assets/Scenes/Attic/Lightmap-1_comp_dir.png using Guid(5a3b438688c444d4aae5450cae83ccea) Importer(815301076,1909f56bfc062723c751e8b465ee728b)  -> (artifact id: '91dc3efa822c103e012003c2ac70e4c2') in 0.005724 seconds 
========================================================================
Received Import Request.
  Time since last request: 0.000171 seconds.
  path: Assets/Scenes/Attic/ReflectionProbe-1.exr
  artifactKey: Guid(1069476bd3d981b4f952c16738b80766) Importer(815301076,1909f56bfc062723c751e8b465ee728b)
Start importing Assets/Scenes/Attic/ReflectionProbe-1.exr using Guid(1069476bd3d981b4f952c16738b80766) Importer(815301076,1909f56bfc062723c751e8b465ee728b)  -> (artifact id: '1a452549ff2e92148e8aa9080478517a') in 0.008860 seconds 
========================================================================
Received Import Request.
  Time since last request: 0.000230 seconds.
  path: Assets/Scenes/Attic/ReflectionProbe-6.exr
  artifactKey: Guid(a20f78ae2e3dc2d4182f6cb7f6c2abd9) Importer(815301076,1909f56bfc062723c751e8b465ee728b)
Start importing Assets/Scenes/Attic/ReflectionProbe-6.exr using Guid(a20f78ae2e3dc2d4182f6cb7f6c2abd9) Importer(815301076,1909f56bfc062723c751e8b465ee728b)  -> (artifact id: 'b08a288b2fa87452373150c38d63eddf') in 0.008650 seconds 
========================================================================
Received Import Request.
  Time since last request: 0.000180 seconds.
  path: Assets/Scenes/Attic/Lightmap-0_comp_light.exr
  artifactKey: Guid(0a5b0059b0fabc44f9af6e6816188a42) Importer(815301076,1909f56bfc062723c751e8b465ee728b)
Start importing Assets/Scenes/Attic/Lightmap-0_comp_light.exr using Guid(0a5b0059b0fabc44f9af6e6816188a42) Importer(815301076,1909f56bfc062723c751e8b465ee728b)  -> (artifact id: '28d65a898c66e04f04fbd5701d80b679') in 0.006016 seconds 
========================================================================
Received Import Request.
  Time since last request: 0.000204 seconds.
  path: Assets/Scenes/Attic/ReflectionProbe-2.exr
  artifactKey: Guid(0097998586a023447900314758c99a62) Importer(815301076,1909f56bfc062723c751e8b465ee728b)
Start importing Assets/Scenes/Attic/ReflectionProbe-2.exr using Guid(0097998586a023447900314758c99a62) Importer(815301076,1909f56bfc062723c751e8b465ee728b)  -> (artifact id: '98a4ed95e2cc7d5cac053a492a7ef759') in 0.008544 seconds 
========================================================================
Received Import Request.
  Time since last request: 0.000196 seconds.
  path: Assets/Scenes/Attic/ReflectionProbe-4.exr
  artifactKey: Guid(94cb0cd27476b244680607041901257e) Importer(815301076,1909f56bfc062723c751e8b465ee728b)
Start importing Assets/Scenes/Attic/ReflectionProbe-4.exr using Guid(94cb0cd27476b244680607041901257e) Importer(815301076,1909f56bfc062723c751e8b465ee728b)  -> (artifact id: 'f67547f6f4a8fa27c8338793ae349080') in 0.008745 seconds 
========================================================================
Received Import Request.
  Time since last request: 0.000162 seconds.
  path: Assets/Scenes/Attic/ReflectionProbe-7.exr
  artifactKey: Guid(bd374861b62ad35489cac9e1fc15c890) Importer(815301076,1909f56bfc062723c751e8b465ee728b)
Start importing Assets/Scenes/Attic/ReflectionProbe-7.exr using Guid(bd374861b62ad35489cac9e1fc15c890) Importer(815301076,1909f56bfc062723c751e8b465ee728b)  -> (artifact id: '5f273f8da8c25d439d3d490f9b26213a') in 0.008011 seconds 
========================================================================
Received Import Request.
  Time since last request: 1.818172 seconds.
  path: Assets/Scenes/Attic.unity
  artifactKey: Guid(94993bc423558f5418e9bc33147ef4a5) Importer(815301076,1909f56bfc062723c751e8b465ee728b)
Start importing Assets/Scenes/Attic.unity using Guid(94993bc423558f5418e9bc33147ef4a5) Importer(815301076,1909f56bfc062723c751e8b465ee728b)  -> (artifact id: '167359864fc3e351b76c11eb1e61d382') in 0.002653 seconds 
========================================================================
Received Import Request.
  Time since last request: 2.779828 seconds.
  path: Assets/Scenes/Attic 1.unity
  artifactKey: Guid(8b2c0cbcfef4d9e478f8c41d92bb7861) Importer(815301076,1909f56bfc062723c751e8b465ee728b)
Start importing Assets/Scenes/Attic 1.unity using Guid(8b2c0cbcfef4d9e478f8c41d92bb7861) Importer(815301076,1909f56bfc062723c751e8b465ee728b)  -> (artifact id: '832ac7ba78666e66d549a7199d3dfcc2') in 0.001712 seconds 
========================================================================
Received Import Request.
  Time since last request: 275.467342 seconds.
  path: Assets/Scenes/Attic/LightingData.asset
  artifactKey: Guid(59059a6f050c65448b9e9630ee5e4068) Importer(815301076,1909f56bfc062723c751e8b465ee728b)
Start importing Assets/Scenes/Attic/LightingData.asset using Guid(59059a6f050c65448b9e9630ee5e4068) Importer(815301076,1909f56bfc062723c751e8b465ee728b)  -> (artifact id: '19f350512b8a19ad6396a38853b06bf0') in 0.001919 seconds 
========================================================================
Received Import Request.
  Time since last request: 0.000251 seconds.
  path: Assets/Scenes/Attic/Lightmap-0_comp_dir.png
  artifactKey: Guid(25f8e14508c559d44b0212d5145f2508) Importer(815301076,1909f56bfc062723c751e8b465ee728b)
Start importing Assets/Scenes/Attic/Lightmap-0_comp_dir.png using Guid(25f8e14508c559d44b0212d5145f2508) Importer(815301076,1909f56bfc062723c751e8b465ee728b)  -> (artifact id: '50fa485afda0055b7fd8af9202ed8435') in 0.006355 seconds 
========================================================================
Received Import Request.
  Time since last request: 0.000196 seconds.
  path: Assets/Scenes/Attic/ReflectionProbe-3.exr
  artifactKey: Guid(fe5fbc0754ae0934ca8918a89d59fc55) Importer(815301076,1909f56bfc062723c751e8b465ee728b)
Start importing Assets/Scenes/Attic/ReflectionProbe-3.exr using Guid(fe5fbc0754ae0934ca8918a89d59fc55) Importer(815301076,1909f56bfc062723c751e8b465ee728b)  -> (artifact id: 'a3d671ed5c3f80f5a03fc0131978d411') in 0.008284 seconds 
========================================================================
Received Import Request.
  Time since last request: 0.000319 seconds.
  path: Assets/Scenes/Attic/Lightmap-1_comp_light.exr
  artifactKey: Guid(5c98ea19d9a541241884f428ae792d1c) Importer(815301076,1909f56bfc062723c751e8b465ee728b)
Start importing Assets/Scenes/Attic/Lightmap-1_comp_light.exr using Guid(5c98ea19d9a541241884f428ae792d1c) Importer(815301076,1909f56bfc062723c751e8b465ee728b)  -> (artifact id: '8960df9bcea6778f9600ad215f13a095') in 0.005466 seconds 
========================================================================
Received Import Request.
  Time since last request: 0.000201 seconds.
  path: Assets/Scenes/Attic/ReflectionProbe-0.exr
  artifactKey: Guid(551288a3105acf0449fb0def38891fb5) Importer(815301076,1909f56bfc062723c751e8b465ee728b)
Start importing Assets/Scenes/Attic/ReflectionProbe-0.exr using Guid(551288a3105acf0449fb0def38891fb5) Importer(815301076,1909f56bfc062723c751e8b465ee728b)  -> (artifact id: '36731c5ebfc058fa7da768e19440af16') in 0.007931 seconds 
========================================================================
Received Import Request.
  Time since last request: 0.000152 seconds.
  path: Assets/Scenes/Attic/ReflectionProbe-5.exr
  artifactKey: Guid(8301e4dbe648684449766c21b462a962) Importer(815301076,1909f56bfc062723c751e8b465ee728b)
Start importing Assets/Scenes/Attic/ReflectionProbe-5.exr using Guid(8301e4dbe648684449766c21b462a962) Importer(815301076,1909f56bfc062723c751e8b465ee728b)  -> (artifact id: '25299c12fe866f8881dae2f6f374b71d') in 0.007909 seconds 
========================================================================
Received Import Request.
  Time since last request: 0.000177 seconds.
  path: Assets/Scenes/Attic/Lightmap-1_comp_dir.png
  artifactKey: Guid(5a3b438688c444d4aae5450cae83ccea) Importer(815301076,1909f56bfc062723c751e8b465ee728b)
Start importing Assets/Scenes/Attic/Lightmap-1_comp_dir.png using Guid(5a3b438688c444d4aae5450cae83ccea) Importer(815301076,1909f56bfc062723c751e8b465ee728b)  -> (artifact id: '3fec475b745830317010f2bba3c23993') in 0.005735 seconds 
========================================================================
Received Import Request.
  Time since last request: 0.000174 seconds.
  path: Assets/Scenes/Attic/ReflectionProbe-1.exr
  artifactKey: Guid(1069476bd3d981b4f952c16738b80766) Importer(815301076,1909f56bfc062723c751e8b465ee728b)
Start importing Assets/Scenes/Attic/ReflectionProbe-1.exr using Guid(1069476bd3d981b4f952c16738b80766) Importer(815301076,1909f56bfc062723c751e8b465ee728b)  -> (artifact id: '2c6a652d73fe19a50959bac6bba6b6d3') in 0.008249 seconds 
========================================================================
Received Import Request.
  Time since last request: 0.000206 seconds.
  path: Assets/Scenes/Attic/ReflectionProbe-6.exr
  artifactKey: Guid(a20f78ae2e3dc2d4182f6cb7f6c2abd9) Importer(815301076,1909f56bfc062723c751e8b465ee728b)
Start importing Assets/Scenes/Attic/ReflectionProbe-6.exr using Guid(a20f78ae2e3dc2d4182f6cb7f6c2abd9) Importer(815301076,1909f56bfc062723c751e8b465ee728b)  -> (artifact id: 'a2b224892c90d10157cd0dd11a3ae820') in 0.008000 seconds 
========================================================================
Received Import Request.
  Time since last request: 0.000188 seconds.
  path: Assets/Scenes/Attic/Lightmap-0_comp_light.exr
  artifactKey: Guid(0a5b0059b0fabc44f9af6e6816188a42) Importer(815301076,1909f56bfc062723c751e8b465ee728b)
Start importing Assets/Scenes/Attic/Lightmap-0_comp_light.exr using Guid(0a5b0059b0fabc44f9af6e6816188a42) Importer(815301076,1909f56bfc062723c751e8b465ee728b)  -> (artifact id: '9fc4e9e1048a37f28905c10dd97d4a4e') in 0.005573 seconds 
========================================================================
Received Import Request.
  Time since last request: 0.000193 seconds.
  path: Assets/Scenes/Attic/ReflectionProbe-2.exr
  artifactKey: Guid(0097998586a023447900314758c99a62) Importer(815301076,1909f56bfc062723c751e8b465ee728b)
Start importing Assets/Scenes/Attic/ReflectionProbe-2.exr using Guid(0097998586a023447900314758c99a62) Importer(815301076,1909f56bfc062723c751e8b465ee728b)  -> (artifact id: '29abf090e6fa12e00842cc6b98a43e00') in 0.008037 seconds 
========================================================================
Received Import Request.
  Time since last request: 0.000213 seconds.
  path: Assets/Scenes/Attic/ReflectionProbe-4.exr
  artifactKey: Guid(94cb0cd27476b244680607041901257e) Importer(815301076,1909f56bfc062723c751e8b465ee728b)
Start importing Assets/Scenes/Attic/ReflectionProbe-4.exr using Guid(94cb0cd27476b244680607041901257e) Importer(815301076,1909f56bfc062723c751e8b465ee728b)  -> (artifact id: '52a988534a083b0372a55d6f9fe2c1d6') in 0.008361 seconds 
========================================================================
Received Import Request.
  Time since last request: 0.000262 seconds.
  path: Assets/Scenes/Attic/ReflectionProbe-7.exr
  artifactKey: Guid(bd374861b62ad35489cac9e1fc15c890) Importer(815301076,1909f56bfc062723c751e8b465ee728b)
Start importing Assets/Scenes/Attic/ReflectionProbe-7.exr using Guid(bd374861b62ad35489cac9e1fc15c890) Importer(815301076,1909f56bfc062723c751e8b465ee728b)  -> (artifact id: '9b8fdb23cbe7ca01bd82a1bbdef7c6e1') in 0.007852 seconds 
========================================================================
Received Prepare
Registering precompiled user dll's ...
Registered in 0.003469 seconds.
Begin MonoManager ReloadAssembly
Native extension for LinuxStandalone target not found
Native extension for WindowsStandalone target not found
Native extension for OSXStandalone target not found
Native extension for WebGL target not found
Refreshing native plugins compatible for Editor in 0.44 ms, found 2 plugins.
Preloading 0 native plugins for Editor in 0.00 ms.
Mono: successfully reloaded assembly
- Completed reload, in  0.909 seconds
Domain Reload Profiling:
	ReloadAssembly (909ms)
		BeginReloadAssembly (97ms)
			ExecutionOrderSort (0ms)
			DisableScriptedObjects (5ms)
			BackupInstance (0ms)
			ReleaseScriptingObjects (0ms)
			CreateAndSetChildDomain (31ms)
		EndReloadAssembly (758ms)
			LoadAssemblies (77ms)
			RebuildTransferFunctionScriptingTraits (0ms)
			SetupTypeCache (271ms)
			ReleaseScriptCaches (1ms)
			RebuildScriptCaches (36ms)
			SetupLoadedEditorAssemblies (242ms)
				LogAssemblyErrors (0ms)
				InitializePlatformSupportModulesInManaged (6ms)
				SetLoadedEditorAssemblies (0ms)
				RefreshPlugins (0ms)
				BeforeProcessingInitializeOnLoad (45ms)
				ProcessInitializeOnLoadAttributes (181ms)
				ProcessInitializeOnLoadMethodAttributes (3ms)
				AfterProcessingInitializeOnLoad (4ms)
				EditorAssembliesLoaded (0ms)
			ExecutionOrderSort2 (0ms)
			AwakeInstancesAfterBackupRestoration (19ms)
Platform modules already initialized, skipping
Shader 'Universal Render Pipeline/Particles/Lit': fallback shader 'Universal Render Pipeline/Particles/SimpleLit' not found
Refreshing native plugins compatible for Editor in 0.44 ms, found 2 plugins.
Preloading 0 native plugins for Editor in 0.00 ms.
Unloading 2712 Unused Serialized files (Serialized files now loaded: 0)
System memory in use before: 151.6 MB.
System memory in use after: 151.8 MB.

Unloading 13 unused Assets to reduce memory usage. Loaded Objects now: 3899.
Total: 2.518100 ms (FindLiveObjects: 0.256800 ms CreateObjectMapping: 0.099200 ms MarkObjects: 2.143600 ms  DeleteObjects: 0.017800 ms)

AssetImportParameters requested are different than current active one (requested -> active):
  custom:framework-win-MediaFoundation: 216162199b28c13a410421893ffa2e32 -> 
  custom:video-decoder-ogg-theora: a1e56fd34408186e4bbccfd4996cb3dc -> 
  custom:container-muxer-webm: aa71ff27fc2769a1b78a27578f13a17b -> 
  custom:container-demuxer-webm: 4f35f7cbe854078d1ac9338744f61a02 -> 
  custom:container-demuxer-ogg: 62fdf1f143b41e24485cea50d1cbac27 -> 
  custom:video-encoder-webm-vp8: eb34c28f22e8b96e1ab97ce403110664 -> 
  custom:video-decoder-webm-vp8: 9c59270c3fd7afecdb556c50c9e8de78 -> 
  custom:audio-decoder-ogg-vorbis: bf7c407c2cedff20999df2af8eb42d56 -> 
  custom:audio-encoder-webm-vorbis: bf7c407c2cedff20999df2af8eb42d56 -> 
AssetImportWorkerClient::OnTransportError - code=2 error=End of file
